<?xml version="1.0" encoding="UTF-8"?>
<testsuite name="JUnit Jupiter" tests="1" skipped="0" failures="0" errors="0" time="0.072" hostname="DESKTOP-FIV6KMF" timestamp="2024-06-28T12:50:08">
<properties>
[...]
</properties>
<testcase name="verifyTestCount()" classname="com.galvanize.SolutionTest" time="0.038">
<system-out><![CDATA[
unique-id: [engine:junit-jupiter]/[class:com.galvanize.SolutionTest]/[method:verifyTestCount()]
display-name: verifyTestCount()
]]></system-out>
</testcase>
<system-out><![CDATA[
unique-id: [engine:junit-jupiter]
display-name: JUnit Jupiter
]]></system-out>
</testsuite>
