<?xml version="1.0" encoding="UTF-8"?>
<testsuite name="JUnit Jupiter" tests="9" skipped="0" failures="0" errors="0" time="0.104" hostname="DESKTOP-FIV6KMF" timestamp="2024-06-28T12:50:09">
<properties>
[...]
</properties>
<testcase name="testGetChargeAt70()" classname="com.galvanize.LightSaberTest" time="0.03">
<system-out><![CDATA[
unique-id: [engine:junit-jupiter]/[class:com.galvanize.LightSaberTest]/[method:testGetChargeAt70()]
display-name: testGetChargeAt70()
]]></system-out>
</testcase>
<testcase name="testGetChargeAt80()" classname="com.galvanize.LightSaberTest" time="0">
<system-out><![CDATA[
unique-id: [engine:junit-jupiter]/[class:com.galvanize.LightSaberTest]/[method:testGetChargeAt80()]
display-name: testGetChargeAt80()
]]></system-out>
</testcase>
<testcase name="testJediSerialNumber()" classname="com.galvanize.LightSaberTest" time="0.002">
<system-out><![CDATA[
unique-id: [engine:junit-jupiter]/[class:com.galvanize.LightSaberTest]/[method:testJediSerialNumber()]
display-name: testJediSerialNumber()
]]></system-out>
</testcase>
<testcase name="testRecharge()" classname="com.galvanize.LightSaberTest" time="0">
<system-out><![CDATA[
unique-id: [engine:junit-jupiter]/[class:com.galvanize.LightSaberTest]/[method:testRecharge()]
display-name: testRecharge()
]]></system-out>
</testcase>
<testcase name="testGetColorChanges()" classname="com.galvanize.LightSaberTest" time="0">
<system-out><![CDATA[
unique-id: [engine:junit-jupiter]/[class:com.galvanize.LightSaberTest]/[method:testGetColorChanges()]
display-name: testGetColorChanges()
]]></system-out>
</testcase>
<testcase name="testUseForHowMuchChargeIsLeft()" classname="com.galvanize.LightSaberTest" time="0">
<system-out><![CDATA[
unique-id: [engine:junit-jupiter]/[class:com.galvanize.LightSaberTest]/[method:testUseForHowMuchChargeIsLeft()]
display-name: testUseForHowMuchChargeIsLeft()
]]></system-out>
</testcase>
<testcase name="testGetRemainingMinutes()" classname="com.galvanize.LightSaberTest" time="0.001">
<system-out><![CDATA[
unique-id: [engine:junit-jupiter]/[class:com.galvanize.LightSaberTest]/[method:testGetRemainingMinutes()]
display-name: testGetRemainingMinutes()
]]></system-out>
</testcase>
<testcase name="testGetJediSerialNumber()" classname="com.galvanize.LightSaberTest" time="0">
<system-out><![CDATA[
unique-id: [engine:junit-jupiter]/[class:com.galvanize.LightSaberTest]/[method:testGetJediSerialNumber()]
display-name: testGetJediSerialNumber()
]]></system-out>
</testcase>
<testcase name="applicationTest()" classname="com.galvanize.ApplicationTest" time="0.001">
<system-out><![CDATA[
unique-id: [engine:junit-jupiter]/[class:com.galvanize.ApplicationTest]/[method:applicationTest()]
display-name: applicationTest()
]]></system-out>
</testcase>
<system-out><![CDATA[
unique-id: [engine:junit-jupiter]
display-name: JUnit Jupiter
]]></system-out>
</testsuite>
